0 verbose cli /usr/local/share/nvm/versions/node/v22.17.0/bin/node /home/codespace/nvm/current/bin/npm
1 info using npm@9.8.1
2 info using node@v22.17.0
3 timing npm:load:whichnode Completed in 1ms
4 timing config:load:defaults Completed in 1ms
5 timing config:load:file:/usr/local/share/nvm/versions/node/v22.17.0/lib/node_modules/npm/npmrc Completed in 1ms
6 timing config:load:builtin Completed in 1ms
7 timing config:load:cli Completed in 5ms
8 timing config:load:env Completed in 0ms
9 timing config:load:file:/workspaces/planet-intake/.npmrc Completed in 0ms
10 timing config:load:project Completed in 4ms
11 timing config:load:file:/home/codespace/.npmrc Completed in 2ms
12 timing config:load:user Completed in 2ms
13 timing config:load:file:/usr/local/share/nvm/versions/node/v22.17.0/etc/npmrc Completed in 0ms
14 timing config:load:global Completed in 0ms
15 timing config:load:setEnvs Completed in 1ms
16 timing config:load Completed in 17ms
17 timing npm:load:configload Completed in 17ms
18 timing config:load:flatten Completed in 2ms
19 timing npm:load:mkdirpcache Completed in 0ms
20 timing npm:load:mkdirplogs Completed in 0ms
21 verbose title npm i playwright@1.55.0
22 verbose argv "i" "--loglevel" "silent" "--no-audit" "--no-fund" "--cache" ".npm-cache" "playwright@1.55.0"
23 timing npm:load:setTitle Completed in 1ms
24 timing npm:load:display Completed in 0ms
25 verbose logfile logs-max:10 dir:/workspaces/planet-intake/.npm-cache/_logs/2025-09-13T19_04_15_918Z-
26 verbose logfile /workspaces/planet-intake/.npm-cache/_logs/2025-09-13T19_04_15_918Z-debug-0.log
27 timing npm:load:logFile Completed in 7ms
28 timing npm:load:timers Completed in 0ms
29 timing npm:load:configScope Completed in 0ms
30 timing npm:load Completed in 34ms
31 timing arborist:ctor Completed in 0ms
32 silly logfile done cleaning log files
33 timing idealTree:init Completed in 120ms
34 timing idealTree:userRequests Completed in 1ms
35 silly idealTree buildDeps
36 silly fetch manifest playwright@1.55.0
37 timing arborist:ctor Completed in 0ms
38 http fetch GET 200 https://registry.npmjs.org/playwright 239ms (cache miss)
39 silly placeDep ROOT playwright@1.55.0 REPLACE for: planet-intake-scraper@1.0.0 want: 1.55.0
40 timing idealTree:#root Completed in 275ms
41 timing idealTree:node_modules/playwright Completed in 0ms
42 timing idealTree:buildDeps Completed in 275ms
43 timing idealTree:fixDepFlags Completed in 3ms
44 timing idealTree Completed in 414ms
45 timing reify:loadTrees Completed in 418ms
46 timing reify:diffTrees Completed in 24ms
47 silly reify moves {}
48 timing reify:retireShallow Completed in 3ms
49 timing reify:createSparse Completed in 1ms
50 timing reify:loadBundles Completed in 0ms
51 verbose reify failed optional dependency /workspaces/planet-intake/node_modules/fsevents
52 silly reify mark deleted [ '/workspaces/planet-intake/node_modules/fsevents' ]
53 timing reifyNode:node_modules/fsevents Completed in 1ms
54 timing reify:unpack Completed in 1ms
55 timing reify:unretire Completed in 0ms
56 timing build:queue Completed in 0ms
57 timing build:deps Completed in 1ms
58 timing build Completed in 1ms
59 timing reify:build Completed in 2ms
60 timing reify:trash Completed in 0ms
61 timing reify:save Completed in 52ms
62 timing reify Completed in 542ms
63 timing command:i Completed in 545ms
64 verbose exit 0
65 timing npm Completed in 735ms
66 info ok
